boolean    (Line: 1, Char: 1)
integer    (Line: 2, Char: 1)
void       (Line: 3, Char: 1)
struct     (Line: 4, Char: 1)
if         (Line: 5, Char: 1)
else       (Line: 6, Char: 1)
while      (Line: 7, Char: 1)
input      (Line: 8, Char: 1)
disp       (Line: 9, Char: 1)
return     (Line: 10, Char: 1)
TRUE       (Line: 11, Char: 1)
FALSE      (Line: 12, Char: 1)
idExample  (Line: 13, Char: 1)
1234       (Line: 14, Char: 1)
"string_literal" (Line: 15, Char: 1)
{          (Line: 16, Char: 1)
}          (Line: 17, Char: 1)
(          (Line: 18, Char: 1)
)          (Line: 19, Char: 1)
[          (Line: 20, Char: 1)
]          (Line: 21, Char: 1)
:          (Line: 22, Char: 1)
,          (Line: 23, Char: 1)
.          (Line: 24, Char: 1)
->         (Line: 25, Char: 1)
<-         (Line: 26, Char: 1)
++         (Line: 27, Char: 1)
--         (Line: 28, Char: 1)
+          (Line: 29, Char: 1)
-          (Line: 30, Char: 1)
*          (Line: 31, Char: 1)
/          (Line: 32, Char: 1)
^          (Line: 33, Char: 1)
&          (Line: 34, Char: 1)
|          (Line: 35, Char: 1)
==         (Line: 36, Char: 1)
^=         (Line: 37, Char: 1)
<          (Line: 38, Char: 1)
>          (Line: 39, Char: 1)
<=         (Line: 40, Char: 1)
>=         (Line: 41, Char: 1)
=          (Line: 42, Char: 1)
